<?xml version="1.0" encoding="UTF-8"?>
<!-- Generated by org.testng.reporters.JUnitReportReporter -->
<testsuite hostname="LAPTOP-KMM52CRE" failures="0" tests="1" name="wiremock_testing.CreateStub" time="0.494" errors="0" timestamp="2023-08-08T00:12:54 IST" skipped="0">
  <testcase classname="wiremock_testing.CreateStub" name="create" time="0.494"/>
  <system-out/>
</testsuite> <!-- wiremock_testing.CreateStub -->
