<?xml version="1.0" encoding="UTF-8"?>
<!-- Generated by org.testng.reporters.JUnitReportReporter -->
<testsuite hostname="LAPTOP-KMM52CRE" failures="0" tests="1" name="wiremock_testing.GetResponseFromStub" time="1.055" errors="0" timestamp="2023-08-08T00:08:13 IST" skipped="0">
  <testcase classname="wiremock_testing.GetResponseFromStub" name="stub" time="1.055"/>
  <system-out/>
</testsuite> <!-- wiremock_testing.GetResponseFromStub -->
